build/app/intermediates/manifest_merge_blame_file/debug/manifest-merger-blame-debug-report.txt
1<?xml version="1.0" encoding="utf-8"?>
2<manifest xmlns:android="http://schemas.android.com/apk/res/android"
3    package="com.resustainability.appmintresus"
4    android:versionCode="12"
5    android:versionName="1.0.117" >
6
7    <uses-sdk
8        android:minSdkVersion="21"
9        android:targetSdkVersion="34" />
10    <!--
11         The INTERNET permission is required for development. Specifically,
12         the Flutter tool needs it to communicate with the running application
13         to allow setting breakpoints, to provide hot reload, etc.
14    -->
15    <uses-permission android:name="android.permission.INTERNET" />
15-->src/main/AndroidManifest.xml:5:5-66
15-->src/main/AndroidManifest.xml:5:22-64
16    <uses-permission android:name="android.permission.ACCESS_FINE_LOCATION" />
16-->src/main/AndroidManifest.xml:3:5-78
16-->src/main/AndroidManifest.xml:3:22-76
17    <uses-permission android:name="android.permission.ACCESS_COARSE_LOCATION" />
17-->src/main/AndroidManifest.xml:4:5-80
17-->src/main/AndroidManifest.xml:4:22-78
18    <uses-permission android:name="android.permission.CAMERA" />
18-->src/main/AndroidManifest.xml:6:5-64
18-->src/main/AndroidManifest.xml:6:22-62
19    <uses-permission
19-->src/main/AndroidManifest.xml:7:5-79
20        android:name="android.permission.READ_EXTERNAL_STORAGE"
20-->src/main/AndroidManifest.xml:7:22-77
21        android:maxSdkVersion="32" />
21-->[:file_picker] AndroidManifest.xml:11:9-35
22    <uses-permission android:name="android.permission.WRITE_EXTERNAL_STORAGE" />
22-->src/main/AndroidManifest.xml:8:5-80
22-->src/main/AndroidManifest.xml:8:22-78
23    <uses-permission android:name="android.permission.POST_NOTIFICATIONS" />
23-->src/main/AndroidManifest.xml:9:5-76
23-->src/main/AndroidManifest.xml:9:22-74
24
25    <queries>
25-->src/main/AndroidManifest.xml:11:5-14:15
26        <package android:name="com.google.android.apps.dynamite" />
26-->src/main/AndroidManifest.xml:12:9-68
26-->src/main/AndroidManifest.xml:12:18-65
27        <package android:name="com.darwinbox.darwinbox" />
27-->src/main/AndroidManifest.xml:13:9-59
27-->src/main/AndroidManifest.xml:13:18-56
28
29        <intent>
29-->[:file_picker] AndroidManifest.xml:14:9-18:18
30            <action android:name="android.intent.action.GET_CONTENT" />
30-->[:file_picker] AndroidManifest.xml:15:13-72
30-->[:file_picker] AndroidManifest.xml:15:21-69
31
32            <data android:mimeType="*/*" />
32-->[:file_picker] AndroidManifest.xml:17:13-44
32-->[:file_picker] AndroidManifest.xml:17:19-41
33        </intent>
34        <intent>
34-->[:flutter_inappwebview] AndroidManifest.xml:10:9-12:18
35            <action android:name="android.support.customtabs.action.CustomTabsService" />
35-->[:flutter_inappwebview] AndroidManifest.xml:11:13-90
35-->[:flutter_inappwebview] AndroidManifest.xml:11:21-87
36        </intent>
37    </queries>
38
39    <uses-permission android:name="android.permission.FOREGROUND_SERVICE" />
39-->[:flutter_background_service_android] AndroidManifest.xml:9:5-77
39-->[:flutter_background_service_android] AndroidManifest.xml:9:22-74
40    <uses-permission android:name="android.permission.RECEIVE_BOOT_COMPLETED" />
40-->[:flutter_background_service_android] AndroidManifest.xml:10:5-81
40-->[:flutter_background_service_android] AndroidManifest.xml:10:22-78
41    <uses-permission android:name="android.permission.WAKE_LOCK" />
41-->[:flutter_background_service_android] AndroidManifest.xml:11:5-68
41-->[:flutter_background_service_android] AndroidManifest.xml:11:22-65
42    <uses-permission android:name="android.permission.VIBRATE" />
42-->[:flutter_local_notifications] AndroidManifest.xml:9:5-66
42-->[:flutter_local_notifications] AndroidManifest.xml:9:22-63
43    <uses-permission android:name="android.permission.READ_MEDIA_IMAGES" />
43-->[:open_filex] AndroidManifest.xml:13:5-76
43-->[:open_filex] AndroidManifest.xml:13:22-73
44    <uses-permission android:name="android.permission.READ_MEDIA_VIDEO" />
44-->[:open_filex] AndroidManifest.xml:14:5-75
44-->[:open_filex] AndroidManifest.xml:14:22-72
45    <uses-permission android:name="android.permission.READ_MEDIA_AUDIO" />
45-->[:open_filex] AndroidManifest.xml:15:5-75
45-->[:open_filex] AndroidManifest.xml:15:22-72
46
47    <permission
47-->[androidx.core:core:1.13.0] AndroidManifest.xml:22:5-24:47
48        android:name="com.resustainability.appmintresus.DYNAMIC_RECEIVER_NOT_EXPORTED_PERMISSION"
48-->[androidx.core:core:1.13.0] AndroidManifest.xml:23:9-81
49        android:protectionLevel="signature" />
49-->[androidx.core:core:1.13.0] AndroidManifest.xml:24:9-44
50
51    <uses-permission android:name="com.resustainability.appmintresus.DYNAMIC_RECEIVER_NOT_EXPORTED_PERMISSION" />
51-->[androidx.core:core:1.13.0] AndroidManifest.xml:26:5-97
51-->[androidx.core:core:1.13.0] AndroidManifest.xml:26:22-94
52
53    <application
54        android:name="android.app.Application"
55        android:allowBackup="false"
56        android:appComponentFactory="androidx.core.app.CoreComponentFactory"
56-->[androidx.core:core:1.13.0] AndroidManifest.xml:28:18-86
57        android:debuggable="true"
58        android:icon="@mipmap/ic_launcher"
59        android:label="Re One"
60        android:largeHeap="true"
61        android:usesCleartextTraffic="true" >
62        <service
63            android:name="com.pravera.flutter_foreground_task.service.ForegroundService"
64            android:stopWithTask="false" />
65
66        <activity
67            android:name="com.resustainability.appmintresus.MainActivity"
68            android:configChanges="orientation|keyboardHidden|keyboard|screenSize|smallestScreenSize|locale|layoutDirection|fontScale|screenLayout|density|uiMode"
69            android:enableOnBackInvokedCallback="true"
70            android:exported="true"
71            android:hardwareAccelerated="true"
72            android:launchMode="singleTop"
73            android:preserveLegacyExternalStorage="true"
74            android:requestLegacyExternalStorage="true"
75            android:showWhenLocked="true"
76            android:theme="@style/LaunchTheme"
77            android:turnScreenOn="true"
78            android:windowSoftInputMode="adjustResize" >
79
80            <!--
81                 Specifies an Android theme to apply to this Activity as soon as
82                 the Android process has started. This theme is visible to the user
83                 while the Flutter UI initializes. After that, this theme continues
84                 to determine the Window background behind the Flutter UI.
85            -->
86            <meta-data
87                android:name="io.flutter.embedding.android.NormalTheme"
88                android:resource="@style/NormalTheme" />
89
90            <intent-filter>
91                <action android:name="android.intent.action.MAIN" />
92
93                <category android:name="android.intent.category.LAUNCHER" />
94                <!-- <category android:name="android.intent.category.HOME"/> -->
95                <category android:name="android.intent.category.DEFAULT" />
96            </intent-filter>
97        </activity>
98        <!--
99             Don't delete the meta-data below.
100             This is used by the Flutter tool to generate GeneratedPluginRegistrant.java
101        -->
102        <meta-data
103            android:name="flutterEmbedding"
104            android:value="2" />
105        <meta-data
106            android:name="com.google.firebase.messaging.default_notification_channel_id"
107            android:value="high_importance_channel" />
108
109        <provider
110            android:name="androidx.core.content.FileProvider"
111            android:authorities="com.resustainability.appmintresus.fileProvider"
112            android:exported="false"
113            android:grantUriPermissions="true" >
114            <meta-data
114-->[:image_picker_android] AndroidManifest.xml:16:13-18:75
115                android:name="android.support.FILE_PROVIDER_PATHS"
115-->[:image_picker_android] AndroidManifest.xml:17:17-67
116                android:resource="@xml/filepaths" />
116-->[:image_picker_android] AndroidManifest.xml:18:17-72
117        </provider>
118
119        <service
119-->[:flutter_background_service_android] AndroidManifest.xml:14:9-18:44
120            android:name="id.flutter.flutter_background_service.BackgroundService"
120-->[:flutter_background_service_android] AndroidManifest.xml:15:13-83
121            android:enabled="true"
121-->[:flutter_background_service_android] AndroidManifest.xml:16:13-35
122            android:exported="true"
122-->[:flutter_background_service_android] AndroidManifest.xml:17:13-36
123            android:stopWithTask="false" />
123-->[:flutter_background_service_android] AndroidManifest.xml:18:13-41
124
125        <receiver
125-->[:flutter_background_service_android] AndroidManifest.xml:20:9-23:39
126            android:name="id.flutter.flutter_background_service.WatchdogReceiver"
126-->[:flutter_background_service_android] AndroidManifest.xml:21:13-82
127            android:enabled="true"
127-->[:flutter_background_service_android] AndroidManifest.xml:22:13-35
128            android:exported="true" />
128-->[:flutter_background_service_android] AndroidManifest.xml:23:13-36
129        <receiver
129-->[:flutter_background_service_android] AndroidManifest.xml:24:9-33:20
130            android:name="id.flutter.flutter_background_service.BootReceiver"
130-->[:flutter_background_service_android] AndroidManifest.xml:25:13-78
131            android:enabled="true"
131-->[:flutter_background_service_android] AndroidManifest.xml:26:13-35
132            android:exported="true" >
132-->[:flutter_background_service_android] AndroidManifest.xml:27:13-36
133            <intent-filter>
133-->[:flutter_background_service_android] AndroidManifest.xml:28:13-32:29
134                <action android:name="android.intent.action.BOOT_COMPLETED" />
134-->[:flutter_background_service_android] AndroidManifest.xml:29:17-79
134-->[:flutter_background_service_android] AndroidManifest.xml:29:25-76
135                <action android:name="android.intent.action.QUICKBOOT_POWERON" />
135-->[:flutter_background_service_android] AndroidManifest.xml:30:17-82
135-->[:flutter_background_service_android] AndroidManifest.xml:30:25-79
136                <action android:name="android.intent.action.MY_PACKAGE_REPLACED" />
136-->[:flutter_background_service_android] AndroidManifest.xml:31:17-84
136-->[:flutter_background_service_android] AndroidManifest.xml:31:25-81
137            </intent-filter>
138        </receiver>
139
140        <activity
140-->[:flutter_inappwebview] AndroidManifest.xml:16:9-20:47
141            android:name="com.pichillilorenzo.flutter_inappwebview.in_app_browser.InAppBrowserActivity"
141-->[:flutter_inappwebview] AndroidManifest.xml:17:13-104
142            android:configChanges="orientation|keyboardHidden|keyboard|screenSize|locale|layoutDirection|fontScale|screenLayout|density"
142-->[:flutter_inappwebview] AndroidManifest.xml:18:13-137
143            android:exported="false"
143-->[:flutter_inappwebview] AndroidManifest.xml:19:13-37
144            android:theme="@style/AppTheme" />
144-->[:flutter_inappwebview] AndroidManifest.xml:20:13-44
145        <activity
145-->[:flutter_inappwebview] AndroidManifest.xml:21:9-24:55
146            android:name="com.pichillilorenzo.flutter_inappwebview.chrome_custom_tabs.ChromeCustomTabsActivity"
146-->[:flutter_inappwebview] AndroidManifest.xml:22:13-112
147            android:exported="false"
147-->[:flutter_inappwebview] AndroidManifest.xml:23:13-37
148            android:theme="@style/ThemeTransparent" />
148-->[:flutter_inappwebview] AndroidManifest.xml:24:13-52
149        <activity
149-->[:flutter_inappwebview] AndroidManifest.xml:25:9-28:55
150            android:name="com.pichillilorenzo.flutter_inappwebview.chrome_custom_tabs.TrustedWebActivity"
150-->[:flutter_inappwebview] AndroidManifest.xml:26:13-106
151            android:exported="false"
151-->[:flutter_inappwebview] AndroidManifest.xml:27:13-37
152            android:theme="@style/ThemeTransparent" />
152-->[:flutter_inappwebview] AndroidManifest.xml:28:13-52
153        <activity
153-->[:flutter_inappwebview] AndroidManifest.xml:29:9-33:55
154            android:name="com.pichillilorenzo.flutter_inappwebview.chrome_custom_tabs.ChromeCustomTabsActivitySingleInstance"
154-->[:flutter_inappwebview] AndroidManifest.xml:30:13-126
155            android:exported="false"
155-->[:flutter_inappwebview] AndroidManifest.xml:31:13-37
156            android:launchMode="singleInstance"
156-->[:flutter_inappwebview] AndroidManifest.xml:32:13-48
157            android:theme="@style/ThemeTransparent" />
157-->[:flutter_inappwebview] AndroidManifest.xml:33:13-52
158        <activity
158-->[:flutter_inappwebview] AndroidManifest.xml:34:9-38:55
159            android:name="com.pichillilorenzo.flutter_inappwebview.chrome_custom_tabs.TrustedWebActivitySingleInstance"
159-->[:flutter_inappwebview] AndroidManifest.xml:35:13-120
160            android:exported="false"
160-->[:flutter_inappwebview] AndroidManifest.xml:36:13-37
161            android:launchMode="singleInstance"
161-->[:flutter_inappwebview] AndroidManifest.xml:37:13-48
162            android:theme="@style/ThemeTransparent" />
162-->[:flutter_inappwebview] AndroidManifest.xml:38:13-52
163
164        <receiver
164-->[:flutter_inappwebview] AndroidManifest.xml:40:9-43:40
165            android:name="com.pichillilorenzo.flutter_inappwebview.chrome_custom_tabs.ActionBroadcastReceiver"
165-->[:flutter_inappwebview] AndroidManifest.xml:41:13-111
166            android:enabled="true"
166-->[:flutter_inappwebview] AndroidManifest.xml:42:13-35
167            android:exported="false" />
167-->[:flutter_inappwebview] AndroidManifest.xml:43:13-37
168
169        <meta-data
169-->[:flutter_inappwebview] AndroidManifest.xml:45:9-47:36
170            android:name="io.flutter.embedded_views_preview"
170-->[:flutter_inappwebview] AndroidManifest.xml:46:13-61
171            android:value="true" />
171-->[:flutter_inappwebview] AndroidManifest.xml:47:13-33
172
173        <provider
173-->[:image_picker_android] AndroidManifest.xml:11:9-19:20
174            android:name="io.flutter.plugins.imagepicker.ImagePickerFileProvider"
174-->[:image_picker_android] AndroidManifest.xml:12:13-82
175            android:authorities="com.resustainability.appmintresus.flutter.image_provider"
175-->[:image_picker_android] AndroidManifest.xml:13:13-74
176            android:exported="false"
176-->[:image_picker_android] AndroidManifest.xml:14:13-37
177            android:grantUriPermissions="true" >
177-->[:image_picker_android] AndroidManifest.xml:15:13-47
178            <meta-data
178-->[:image_picker_android] AndroidManifest.xml:16:13-18:75
179                android:name="android.support.FILE_PROVIDER_PATHS"
179-->[:image_picker_android] AndroidManifest.xml:17:17-67
180                android:resource="@xml/flutter_image_picker_file_paths" />
180-->[:image_picker_android] AndroidManifest.xml:18:17-72
181        </provider> <!-- Trigger Google Play services to install the backported photo picker module. -->
182        <service
182-->[:image_picker_android] AndroidManifest.xml:21:9-33:19
183            android:name="com.google.android.gms.metadata.ModuleDependencies"
183-->[:image_picker_android] AndroidManifest.xml:22:13-78
184            android:enabled="false"
184-->[:image_picker_android] AndroidManifest.xml:23:13-36
185            android:exported="false" >
185-->[:image_picker_android] AndroidManifest.xml:24:13-37
186            <intent-filter>
186-->[:image_picker_android] AndroidManifest.xml:26:13-28:29
187                <action android:name="com.google.android.gms.metadata.MODULE_DEPENDENCIES" />
187-->[:image_picker_android] AndroidManifest.xml:27:17-94
187-->[:image_picker_android] AndroidManifest.xml:27:25-91
188            </intent-filter>
189
190            <meta-data
190-->[:image_picker_android] AndroidManifest.xml:30:13-32:36
191                android:name="photopicker_activity:0:required"
191-->[:image_picker_android] AndroidManifest.xml:31:17-63
192                android:value="" />
192-->[:image_picker_android] AndroidManifest.xml:32:17-33
193        </service>
194        <service
194-->[:geolocator_android] AndroidManifest.xml:10:9-14:56
195            android:name="com.baseflow.geolocator.GeolocatorLocationService"
195-->[:geolocator_android] AndroidManifest.xml:11:13-77
196            android:enabled="true"
196-->[:geolocator_android] AndroidManifest.xml:12:13-35
197            android:exported="false"
197-->[:geolocator_android] AndroidManifest.xml:13:13-37
198            android:foregroundServiceType="location" />
198-->[:geolocator_android] AndroidManifest.xml:14:13-53
199
200        <provider
200-->[:open_filex] AndroidManifest.xml:18:9-27:20
201            android:name="com.crazecoder.openfile.FileProvider"
201-->[:open_filex] AndroidManifest.xml:19:13-64
202            android:authorities="com.resustainability.appmintresus.fileProvider.com.crazecoder.openfile"
202-->[:open_filex] AndroidManifest.xml:20:13-88
203            android:exported="false"
203-->[:open_filex] AndroidManifest.xml:21:13-37
204            android:grantUriPermissions="true" >
204-->[:open_filex] AndroidManifest.xml:22:13-47
205            <meta-data
205-->[:image_picker_android] AndroidManifest.xml:16:13-18:75
206                android:name="android.support.FILE_PROVIDER_PATHS"
206-->[:image_picker_android] AndroidManifest.xml:17:17-67
207                android:resource="@xml/filepaths" />
207-->[:image_picker_android] AndroidManifest.xml:18:17-72
208        </provider>
209
210        <activity
210-->[:url_launcher_android] AndroidManifest.xml:10:9-13:74
211            android:name="io.flutter.plugins.urllauncher.WebViewActivity"
211-->[:url_launcher_android] AndroidManifest.xml:11:13-74
212            android:exported="false"
212-->[:url_launcher_android] AndroidManifest.xml:12:13-37
213            android:theme="@android:style/Theme.NoTitleBar.Fullscreen" />
213-->[:url_launcher_android] AndroidManifest.xml:13:13-71
214
215        <uses-library
215-->[androidx.window:window:1.0.0] AndroidManifest.xml:25:9-27:40
216            android:name="androidx.window.extensions"
216-->[androidx.window:window:1.0.0] AndroidManifest.xml:26:13-54
217            android:required="false" />
217-->[androidx.window:window:1.0.0] AndroidManifest.xml:27:13-37
218        <uses-library
218-->[androidx.window:window:1.0.0] AndroidManifest.xml:28:9-30:40
219            android:name="androidx.window.sidecar"
219-->[androidx.window:window:1.0.0] AndroidManifest.xml:29:13-51
220            android:required="false" />
220-->[androidx.window:window:1.0.0] AndroidManifest.xml:30:13-37
221
222        <activity
222-->[com.google.android.gms:play-services-auth:21.0.0] AndroidManifest.xml:23:9-27:75
223            android:name="com.google.android.gms.auth.api.signin.internal.SignInHubActivity"
223-->[com.google.android.gms:play-services-auth:21.0.0] AndroidManifest.xml:24:13-93
224            android:excludeFromRecents="true"
224-->[com.google.android.gms:play-services-auth:21.0.0] AndroidManifest.xml:25:13-46
225            android:exported="false"
225-->[com.google.android.gms:play-services-auth:21.0.0] AndroidManifest.xml:26:13-37
226            android:theme="@android:style/Theme.Translucent.NoTitleBar" />
226-->[com.google.android.gms:play-services-auth:21.0.0] AndroidManifest.xml:27:13-72
227        <!--
228            Service handling Google Sign-In user revocation. For apps that do not integrate with
229            Google Sign-In, this service will never be started.
230        -->
231        <service
231-->[com.google.android.gms:play-services-auth:21.0.0] AndroidManifest.xml:33:9-37:51
232            android:name="com.google.android.gms.auth.api.signin.RevocationBoundService"
232-->[com.google.android.gms:play-services-auth:21.0.0] AndroidManifest.xml:34:13-89
233            android:exported="true"
233-->[com.google.android.gms:play-services-auth:21.0.0] AndroidManifest.xml:35:13-36
234            android:permission="com.google.android.gms.auth.api.signin.permission.REVOCATION_NOTIFICATION"
234-->[com.google.android.gms:play-services-auth:21.0.0] AndroidManifest.xml:36:13-107
235            android:visibleToInstantApps="true" />
235-->[com.google.android.gms:play-services-auth:21.0.0] AndroidManifest.xml:37:13-48
236
237        <activity
237-->[com.google.android.gms:play-services-base:18.3.0] AndroidManifest.xml:20:9-22:45
238            android:name="com.google.android.gms.common.api.GoogleApiActivity"
238-->[com.google.android.gms:play-services-base:18.3.0] AndroidManifest.xml:20:19-85
239            android:exported="false"
239-->[com.google.android.gms:play-services-base:18.3.0] AndroidManifest.xml:22:19-43
240            android:theme="@android:style/Theme.Translucent.NoTitleBar" />
240-->[com.google.android.gms:play-services-base:18.3.0] AndroidManifest.xml:21:19-78
241
242        <meta-data
242-->[com.google.android.gms:play-services-basement:18.3.0] AndroidManifest.xml:21:9-23:69
243            android:name="com.google.android.gms.version"
243-->[com.google.android.gms:play-services-basement:18.3.0] AndroidManifest.xml:22:13-58
244            android:value="@integer/google_play_services_version" />
244-->[com.google.android.gms:play-services-basement:18.3.0] AndroidManifest.xml:23:13-66
245
246        <provider
246-->[androidx.emoji2:emoji2:1.2.0] AndroidManifest.xml:24:9-32:20
247            android:name="androidx.startup.InitializationProvider"
247-->[androidx.emoji2:emoji2:1.2.0] AndroidManifest.xml:25:13-67
248            android:authorities="com.resustainability.appmintresus.androidx-startup"
248-->[androidx.emoji2:emoji2:1.2.0] AndroidManifest.xml:26:13-68
249            android:exported="false" >
249-->[androidx.emoji2:emoji2:1.2.0] AndroidManifest.xml:27:13-37
250            <meta-data
250-->[androidx.emoji2:emoji2:1.2.0] AndroidManifest.xml:29:13-31:52
251                android:name="androidx.emoji2.text.EmojiCompatInitializer"
251-->[androidx.emoji2:emoji2:1.2.0] AndroidManifest.xml:30:17-75
252                android:value="androidx.startup" />
252-->[androidx.emoji2:emoji2:1.2.0] AndroidManifest.xml:31:17-49
253            <meta-data
253-->[androidx.lifecycle:lifecycle-process:2.6.2] AndroidManifest.xml:29:13-31:52
254                android:name="androidx.lifecycle.ProcessLifecycleInitializer"
254-->[androidx.lifecycle:lifecycle-process:2.6.2] AndroidManifest.xml:30:17-78
255                android:value="androidx.startup" />
255-->[androidx.lifecycle:lifecycle-process:2.6.2] AndroidManifest.xml:31:17-49
256            <meta-data
256-->[androidx.profileinstaller:profileinstaller:1.3.0] AndroidManifest.xml:29:13-31:52
257                android:name="androidx.profileinstaller.ProfileInstallerInitializer"
257-->[androidx.profileinstaller:profileinstaller:1.3.0] AndroidManifest.xml:30:17-85
258                android:value="androidx.startup" />
258-->[androidx.profileinstaller:profileinstaller:1.3.0] AndroidManifest.xml:31:17-49
259        </provider>
260        <provider
260-->[io.sentry:sentry-android-core:7.8.0] AndroidManifest.xml:16:9-20:39
261            android:name="io.sentry.android.core.SentryPerformanceProvider"
261-->[io.sentry:sentry-android-core:7.8.0] AndroidManifest.xml:17:13-76
262            android:authorities="com.resustainability.appmintresus.SentryPerformanceProvider"
262-->[io.sentry:sentry-android-core:7.8.0] AndroidManifest.xml:18:13-77
263            android:exported="false"
263-->[io.sentry:sentry-android-core:7.8.0] AndroidManifest.xml:19:13-37
264            android:initOrder="200" />
264-->[io.sentry:sentry-android-core:7.8.0] AndroidManifest.xml:20:13-36
265
266        <receiver
266-->[androidx.profileinstaller:profileinstaller:1.3.0] AndroidManifest.xml:34:9-52:20
267            android:name="androidx.profileinstaller.ProfileInstallReceiver"
267-->[androidx.profileinstaller:profileinstaller:1.3.0] AndroidManifest.xml:35:13-76
268            android:directBootAware="false"
268-->[androidx.profileinstaller:profileinstaller:1.3.0] AndroidManifest.xml:36:13-44
269            android:enabled="true"
269-->[androidx.profileinstaller:profileinstaller:1.3.0] AndroidManifest.xml:37:13-35
270            android:exported="true"
270-->[androidx.profileinstaller:profileinstaller:1.3.0] AndroidManifest.xml:38:13-36
271            android:permission="android.permission.DUMP" >
271-->[androidx.profileinstaller:profileinstaller:1.3.0] AndroidManifest.xml:39:13-57
272            <intent-filter>
272-->[androidx.profileinstaller:profileinstaller:1.3.0] AndroidManifest.xml:40:13-42:29
273                <action android:name="androidx.profileinstaller.action.INSTALL_PROFILE" />
273-->[androidx.profileinstaller:profileinstaller:1.3.0] AndroidManifest.xml:41:17-91
273-->[androidx.profileinstaller:profileinstaller:1.3.0] AndroidManifest.xml:41:25-88
274            </intent-filter>
275            <intent-filter>
275-->[androidx.profileinstaller:profileinstaller:1.3.0] AndroidManifest.xml:43:13-45:29
276                <action android:name="androidx.profileinstaller.action.SKIP_FILE" />
276-->[androidx.profileinstaller:profileinstaller:1.3.0] AndroidManifest.xml:44:17-85
276-->[androidx.profileinstaller:profileinstaller:1.3.0] AndroidManifest.xml:44:25-82
277            </intent-filter>
278            <intent-filter>
278-->[androidx.profileinstaller:profileinstaller:1.3.0] AndroidManifest.xml:46:13-48:29
279                <action android:name="androidx.profileinstaller.action.SAVE_PROFILE" />
279-->[androidx.profileinstaller:profileinstaller:1.3.0] AndroidManifest.xml:47:17-88
279-->[androidx.profileinstaller:profileinstaller:1.3.0] AndroidManifest.xml:47:25-85
280            </intent-filter>
281            <intent-filter>
281-->[androidx.profileinstaller:profileinstaller:1.3.0] AndroidManifest.xml:49:13-51:29
282                <action android:name="androidx.profileinstaller.action.BENCHMARK_OPERATION" />
282-->[androidx.profileinstaller:profileinstaller:1.3.0] AndroidManifest.xml:50:17-95
282-->[androidx.profileinstaller:profileinstaller:1.3.0] AndroidManifest.xml:50:25-92
283            </intent-filter>
284        </receiver>
285    </application>
286
287</manifest>